Using pre-set license
Built from '2020.3/staging' branch; Version is '2020.3.14f1 (d0d1bb862f9d) revision 13685179'; Using compiler version '192528614'; Build Type 'Release'
OS: 'Windows 10 Home; OS build 19043.1237; Version 2009; 64bit' Language: 'en' Physical Memory: 16326 MB
BatchMode: 1, IsHumanControllingUs: 0, StartBugReporterOnCrash: 0, Is64bit: 1, IsPro: 0

 COMMAND LINE ARGUMENTS:
C:\Program Files\Unity\Hub\Editor\2020.3.14f1\Editor\Unity.exe
-adb2
-batchMode
-noUpm
-name
AssetImportWorker0
-projectPath
C:/Users/Amy/Documents/GitHub/Castaways
-logFile
Logs/AssetImportWorker0.log
-srvPort
56797
Successfully changed project path to: C:/Users/Amy/Documents/GitHub/Castaways
C:/Users/Amy/Documents/GitHub/Castaways
Using Asset Import Pipeline V2.
Refreshing native plugins compatible for Editor in 25.57 ms, found 2 plugins.
Preloading 0 native plugins for Editor in 0.00 ms.
Initialize engine version: 2020.3.14f1 (d0d1bb862f9d)
[Subsystems] Discovering subsystems at path C:/Program Files/Unity/Hub/Editor/2020.3.14f1/Editor/Data/Resources/UnitySubsystems
[Subsystems] Discovering subsystems at path C:/Users/Amy/Documents/GitHub/Castaways/Assets
GfxDevice: creating device client; threaded=0
Direct3D:
    Version:  Direct3D 11.0 [level 11.1]
    Renderer: NVIDIA GeForce RTX 2060 SUPER (ID=0x1f06)
    Vendor:   
    VRAM:     8031 MB
    Driver:   27.21.14.6172
Initialize mono
Mono path[0] = 'C:/Program Files/Unity/Hub/Editor/2020.3.14f1/Editor/Data/Managed'
Mono path[1] = 'C:/Program Files/Unity/Hub/Editor/2020.3.14f1/Editor/Data/MonoBleedingEdge/lib/mono/unityjit'
Mono config path = 'C:/Program Files/Unity/Hub/Editor/2020.3.14f1/Editor/Data/MonoBleedingEdge/etc'
Using monoOptions --debugger-agent=transport=dt_socket,embedding=1,server=y,suspend=n,address=127.0.0.1:56896
Begin MonoManager ReloadAssembly
Registering precompiled unity dll's ...
Register platform support module: C:/Program Files/Unity/Hub/Editor/2020.3.14f1/Editor/Data/PlaybackEngines/WindowsStandaloneSupport/UnityEditor.WindowsStandalone.Extensions.dll
Registered in 0.001816 seconds.
Native extension for WindowsStandalone target not found
Refreshing native plugins compatible for Editor in 24.91 ms, found 2 plugins.
Preloading 0 native plugins for Editor in 0.00 ms.
Mono: successfully reloaded assembly
- Completed reload, in  0.880 seconds
Domain Reload Profiling:
	ReloadAssembly (880ms)
		BeginReloadAssembly (45ms)
			ExecutionOrderSort (0ms)
			DisableScriptedObjects (0ms)
			BackupInstance (0ms)
			ReleaseScriptingObjects (0ms)
			CreateAndSetChildDomain (1ms)
		EndReloadAssembly (334ms)
			LoadAssemblies (43ms)
			RebuildTransferFunctionScriptingTraits (0ms)
			SetupTypeCache (118ms)
			ReleaseScriptCaches (0ms)
			RebuildScriptCaches (26ms)
			SetupLoadedEditorAssemblies (123ms)
				LogAssemblyErrors (0ms)
				InitializePlatformSupportModulesInManaged (3ms)
				SetLoadedEditorAssemblies (0ms)
				RefreshPlugins (25ms)
				BeforeProcessingInitializeOnLoad (5ms)
				ProcessInitializeOnLoadAttributes (67ms)
				ProcessInitializeOnLoadMethodAttributes (23ms)
				AfterProcessingInitializeOnLoad (0ms)
				EditorAssembliesLoaded (0ms)
			ExecutionOrderSort2 (0ms)
			AwakeInstancesAfterBackupRestoration (0ms)
Platform modules already initialized, skipping
Registering precompiled user dll's ...
Registered in 0.003405 seconds.
Begin MonoManager ReloadAssembly
Native extension for WindowsStandalone target not found
Refreshing native plugins compatible for Editor in 0.37 ms, found 2 plugins.
Preloading 0 native plugins for Editor in 0.00 ms.
Mono: successfully reloaded assembly
- Completed reload, in  0.800 seconds
Domain Reload Profiling:
	ReloadAssembly (801ms)
		BeginReloadAssembly (120ms)
			ExecutionOrderSort (0ms)
			DisableScriptedObjects (4ms)
			BackupInstance (0ms)
			ReleaseScriptingObjects (0ms)
			CreateAndSetChildDomain (17ms)
		EndReloadAssembly (627ms)
			LoadAssemblies (68ms)
			RebuildTransferFunctionScriptingTraits (0ms)
			SetupTypeCache (208ms)
			ReleaseScriptCaches (0ms)
			RebuildScriptCaches (34ms)
			SetupLoadedEditorAssemblies (240ms)
				LogAssemblyErrors (0ms)
				InitializePlatformSupportModulesInManaged (4ms)
				SetLoadedEditorAssemblies (0ms)
				RefreshPlugins (0ms)
				BeforeProcessingInitializeOnLoad (43ms)
				ProcessInitializeOnLoadAttributes (182ms)
				ProcessInitializeOnLoadMethodAttributes (4ms)
				AfterProcessingInitializeOnLoad (6ms)
				EditorAssembliesLoaded (0ms)
			ExecutionOrderSort2 (0ms)
			AwakeInstancesAfterBackupRestoration (5ms)
Platform modules already initialized, skipping
========================================================================
Worker process is ready to serve import requests
Launched and connected shader compiler UnityShaderCompiler.exe after 0.04 seconds
Refreshing native plugins compatible for Editor in 0.38 ms, found 2 plugins.
Preloading 0 native plugins for Editor in 0.00 ms.
Unloading 1392 Unused Serialized files (Serialized files now loaded: 0)
System memory in use before: 77.4 MB.
System memory in use after: 77.4 MB.

Unloading 19 unused Assets to reduce memory usage. Loaded Objects now: 1843.
Total: 1.806600 ms (FindLiveObjects: 0.153500 ms CreateObjectMapping: 0.032100 ms MarkObjects: 1.545600 ms  DeleteObjects: 0.074200 ms)

AssetImportParameters requested are different than current active one (requested -> active):
  custom:framework-win-MediaFoundation: 216162199b28c13a410421893ffa2e32 -> 
  custom:video-decoder-ogg-theora: a1e56fd34408186e4bbccfd4996cb3dc -> 
  custom:container-muxer-webm: aa71ff27fc2769a1b78a27578f13a17b -> 
  custom:container-demuxer-webm: 4f35f7cbe854078d1ac9338744f61a02 -> 
  custom:container-demuxer-ogg: 62fdf1f143b41e24485cea50d1cbac27 -> 
  custom:video-encoder-webm-vp8: eb34c28f22e8b96e1ab97ce403110664 -> 
  custom:video-decoder-webm-vp8: 9c59270c3fd7afecdb556c50c9e8de78 -> 
  custom:audio-decoder-ogg-vorbis: bf7c407c2cedff20999df2af8eb42d56 -> 
  custom:audio-encoder-webm-vorbis: bf7c407c2cedff20999df2af8eb42d56 -> 
========================================================================
Received Import Request.
  path: Assets/Scripts
  artifactKey: Guid(a0c17d1ee0e29064db9c156b067cb28c) Importer(815301076,1909f56bfc062723c751e8b465ee728b)
Start importing Assets/Scripts using Guid(a0c17d1ee0e29064db9c156b067cb28c) Importer(815301076,1909f56bfc062723c751e8b465ee728b)  -> (artifact id: '943da8826aeb54990f77e1dd0139fb5d') in 0.007178 seconds 
  Import took 0.009470 seconds .

========================================================================
Received Import Request.
  Time since last request: 4.556941 seconds.
  path: Assets/Levels
  artifactKey: Guid(212ce38b581f42b4b979d4018292fb7f) Importer(815301076,1909f56bfc062723c751e8b465ee728b)
Start importing Assets/Levels using Guid(212ce38b581f42b4b979d4018292fb7f) Importer(815301076,1909f56bfc062723c751e8b465ee728b)  -> (artifact id: 'e92fcee426bd32fda2f198801607fc59') in 0.007392 seconds 
  Import took 0.009853 seconds .

========================================================================
Received Import Request.
  Time since last request: 21.268557 seconds.
  path: Assets/Levels/Level 1.unity
  artifactKey: Guid(9fc0d4010bbf28b4594072e72b8655ab) Importer(815301076,1909f56bfc062723c751e8b465ee728b)
Start importing Assets/Levels/Level 1.unity using Guid(9fc0d4010bbf28b4594072e72b8655ab) Importer(815301076,1909f56bfc062723c751e8b465ee728b)  -> (artifact id: '43a8fc378232bf8ceb317195698baddf') in 0.013545 seconds 
  Import took 0.015812 seconds .

========================================================================
Received Prepare
Refreshing native plugins compatible for Editor in 2.93 ms, found 2 plugins.
Preloading 0 native plugins for Editor in 0.00 ms.
Unloading 12 Unused Serialized files (Serialized files now loaded: 0)
System memory in use before: 49.9 MB.
System memory in use after: 50.0 MB.

Unloading 12 unused Assets to reduce memory usage. Loaded Objects now: 1843.
Total: 1.977500 ms (FindLiveObjects: 0.174600 ms CreateObjectMapping: 0.030200 ms MarkObjects: 1.728100 ms  DeleteObjects: 0.044000 ms)

AssetImportParameters requested are different than current active one (requested -> active):
  custom:framework-win-MediaFoundation: 216162199b28c13a410421893ffa2e32 -> 
  custom:video-decoder-ogg-theora: a1e56fd34408186e4bbccfd4996cb3dc -> 
  custom:container-muxer-webm: aa71ff27fc2769a1b78a27578f13a17b -> 
  custom:container-demuxer-webm: 4f35f7cbe854078d1ac9338744f61a02 -> 
  custom:container-demuxer-ogg: 62fdf1f143b41e24485cea50d1cbac27 -> 
  custom:video-encoder-webm-vp8: eb34c28f22e8b96e1ab97ce403110664 -> 
  custom:video-decoder-webm-vp8: 9c59270c3fd7afecdb556c50c9e8de78 -> 
  custom:audio-decoder-ogg-vorbis: bf7c407c2cedff20999df2af8eb42d56 -> 
  custom:audio-encoder-webm-vorbis: bf7c407c2cedff20999df2af8eb42d56 -> 
========================================================================
Received Import Request.
  Time since last request: 53.570224 seconds.
  path: Assets/Levels/Level 2.unity
  artifactKey: Guid(de1c23390f78b9f48b4bf4b766579d17) Importer(815301076,1909f56bfc062723c751e8b465ee728b)
Start importing Assets/Levels/Level 2.unity using Guid(de1c23390f78b9f48b4bf4b766579d17) Importer(815301076,1909f56bfc062723c751e8b465ee728b)  -> (artifact id: '853aaf3bc67ad859ca9512c287843dbd') in 0.008214 seconds 
  Import took 0.010800 seconds .

========================================================================
Received Import Request.
  Time since last request: 52.718066 seconds.
  path: Assets/Levels/Level 3.unity
  artifactKey: Guid(772b0a6f3e10a964fa079de718018619) Importer(815301076,1909f56bfc062723c751e8b465ee728b)
Start importing Assets/Levels/Level 3.unity using Guid(772b0a6f3e10a964fa079de718018619) Importer(815301076,1909f56bfc062723c751e8b465ee728b)  -> (artifact id: '28f37556d4314cde672b162e76e02bd5') in 0.008248 seconds 
  Import took 0.010699 seconds .

========================================================================
Received Import Request.
  Time since last request: 7.489248 seconds.
  path: Assets/Levels/Level 4.unity
  artifactKey: Guid(5c290b3d95e05804ab0abe8798985887) Importer(815301076,1909f56bfc062723c751e8b465ee728b)
Start importing Assets/Levels/Level 4.unity using Guid(5c290b3d95e05804ab0abe8798985887) Importer(815301076,1909f56bfc062723c751e8b465ee728b)  -> (artifact id: 'caf29a69f6491b221386356773b59e59') in 0.007696 seconds 
  Import took 0.010079 seconds .

========================================================================
Received Import Request.
  Time since last request: 6.480775 seconds.
  path: Assets/Levels/Level 5.unity
  artifactKey: Guid(3f5bc3da2e14f8b40b7333f38e15f895) Importer(815301076,1909f56bfc062723c751e8b465ee728b)
Start importing Assets/Levels/Level 5.unity using Guid(3f5bc3da2e14f8b40b7333f38e15f895) Importer(815301076,1909f56bfc062723c751e8b465ee728b)  -> (artifact id: '285c3b29fc3f3d54456568b6a54b9cc4') in 0.007852 seconds 
  Import took 0.010336 seconds .

========================================================================
Received Import Request.
  Time since last request: 0.002289 seconds.
  path: Assets/Levels/Level 5.unity
  artifactKey: Guid(3f5bc3da2e14f8b40b7333f38e15f895) Importer(815301076,1909f56bfc062723c751e8b465ee728b)
Start importing Assets/Levels/Level 5.unity using Guid(3f5bc3da2e14f8b40b7333f38e15f895) Importer(815301076,1909f56bfc062723c751e8b465ee728b)  -> (artifact id: '285c3b29fc3f3d54456568b6a54b9cc4') in 0.003194 seconds 
  Import took 0.005097 seconds .

========================================================================
Received Import Request.
  Time since last request: 156.530773 seconds.
  path: Assets/Levels/Level 2.unity
  artifactKey: Guid(de1c23390f78b9f48b4bf4b766579d17) Importer(815301076,1909f56bfc062723c751e8b465ee728b)
Start importing Assets/Levels/Level 2.unity using Guid(de1c23390f78b9f48b4bf4b766579d17) Importer(815301076,1909f56bfc062723c751e8b465ee728b)  -> (artifact id: 'e5a1af88f60cd89124f267750e2e6283') in 0.003487 seconds 
  Import took 0.005990 seconds .

========================================================================
Received Import Request.
  Time since last request: 21.390936 seconds.
  path: Assets/Levels/Level 2.unity
  artifactKey: Guid(de1c23390f78b9f48b4bf4b766579d17) Importer(815301076,1909f56bfc062723c751e8b465ee728b)
Start importing Assets/Levels/Level 2.unity using Guid(de1c23390f78b9f48b4bf4b766579d17) Importer(815301076,1909f56bfc062723c751e8b465ee728b)  -> (artifact id: 'cac9d01a196108fc1e8532cb0be52ed1') in 0.003299 seconds 
  Import took 0.005559 seconds .

========================================================================
Received Import Request.
  Time since last request: 106.709090 seconds.
  path: Assets/Levels/Level 2.unity
  artifactKey: Guid(de1c23390f78b9f48b4bf4b766579d17) Importer(815301076,1909f56bfc062723c751e8b465ee728b)
Start importing Assets/Levels/Level 2.unity using Guid(de1c23390f78b9f48b4bf4b766579d17) Importer(815301076,1909f56bfc062723c751e8b465ee728b)  -> (artifact id: '836ad36eb91ad9cfcd3492645dd0252b') in 0.005027 seconds 
  Import took 0.007370 seconds .

========================================================================
Received Import Request.
  Time since last request: 175.966128 seconds.
  path: Assets/Levels/Level 2.unity
  artifactKey: Guid(de1c23390f78b9f48b4bf4b766579d17) Importer(815301076,1909f56bfc062723c751e8b465ee728b)
Start importing Assets/Levels/Level 2.unity using Guid(de1c23390f78b9f48b4bf4b766579d17) Importer(815301076,1909f56bfc062723c751e8b465ee728b)  -> (artifact id: '34333529d8b1f09752fd4b00b4116fc4') in 0.003697 seconds 
  Import took 0.006276 seconds .

========================================================================
Received Import Request.
  Time since last request: 224.632739 seconds.
  path: Assets/Levels/Level 2.unity
  artifactKey: Guid(de1c23390f78b9f48b4bf4b766579d17) Importer(815301076,1909f56bfc062723c751e8b465ee728b)
Start importing Assets/Levels/Level 2.unity using Guid(de1c23390f78b9f48b4bf4b766579d17) Importer(815301076,1909f56bfc062723c751e8b465ee728b)  -> (artifact id: 'e45e0ceffadf3f13d123dc526f1580d9') in 0.003567 seconds 
  Import took 0.006216 seconds .

========================================================================
Received Import Request.
  Time since last request: 234.518653 seconds.
  path: Assets/Levels/Level 2.unity
  artifactKey: Guid(de1c23390f78b9f48b4bf4b766579d17) Importer(815301076,1909f56bfc062723c751e8b465ee728b)
Start importing Assets/Levels/Level 2.unity using Guid(de1c23390f78b9f48b4bf4b766579d17) Importer(815301076,1909f56bfc062723c751e8b465ee728b)  -> (artifact id: '9820a1b7399dfc3c04078099a0be27c7') in 0.006429 seconds 
  Import took 0.009014 seconds .

========================================================================
Received Import Request.
  Time since last request: 0.000305 seconds.
  path: Assets/Levels/Level 2.unity
  artifactKey: Guid(de1c23390f78b9f48b4bf4b766579d17) Importer(815301076,1909f56bfc062723c751e8b465ee728b)
Start importing Assets/Levels/Level 2.unity using Guid(de1c23390f78b9f48b4bf4b766579d17) Importer(815301076,1909f56bfc062723c751e8b465ee728b)  -> (artifact id: '9820a1b7399dfc3c04078099a0be27c7') in 0.003253 seconds 
  Import took 0.005163 seconds .

========================================================================
Received Prepare
Registering precompiled user dll's ...
Registered in 0.003474 seconds.
Begin MonoManager ReloadAssembly
Native extension for WindowsStandalone target not found
Refreshing native plugins compatible for Editor in 0.37 ms, found 2 plugins.
Preloading 0 native plugins for Editor in 0.00 ms.
Mono: successfully reloaded assembly
- Completed reload, in  0.752 seconds
Domain Reload Profiling:
	ReloadAssembly (752ms)
		BeginReloadAssembly (95ms)
			ExecutionOrderSort (0ms)
			DisableScriptedObjects (4ms)
			BackupInstance (0ms)
			ReleaseScriptingObjects (0ms)
			CreateAndSetChildDomain (27ms)
		EndReloadAssembly (602ms)
			LoadAssemblies (66ms)
			RebuildTransferFunctionScriptingTraits (0ms)
			SetupTypeCache (205ms)
			ReleaseScriptCaches (1ms)
			RebuildScriptCaches (31ms)
			SetupLoadedEditorAssemblies (223ms)
				LogAssemblyErrors (0ms)
				InitializePlatformSupportModulesInManaged (5ms)
				SetLoadedEditorAssemblies (0ms)
				RefreshPlugins (0ms)
				BeforeProcessingInitializeOnLoad (38ms)
				ProcessInitializeOnLoadAttributes (169ms)
				ProcessInitializeOnLoadMethodAttributes (3ms)
				AfterProcessingInitializeOnLoad (7ms)
				EditorAssembliesLoaded (0ms)
			ExecutionOrderSort2 (0ms)
			AwakeInstancesAfterBackupRestoration (5ms)
Platform modules already initialized, skipping
Refreshing native plugins compatible for Editor in 0.37 ms, found 2 plugins.
Preloading 0 native plugins for Editor in 0.00 ms.
Unloading 1387 Unused Serialized files (Serialized files now loaded: 0)
System memory in use before: 77.4 MB.
System memory in use after: 77.4 MB.

Unloading 14 unused Assets to reduce memory usage. Loaded Objects now: 1846.
Total: 2.020500 ms (FindLiveObjects: 0.195000 ms CreateObjectMapping: 0.033700 ms MarkObjects: 1.729700 ms  DeleteObjects: 0.060800 ms)

AssetImportParameters requested are different than current active one (requested -> active):
  custom:framework-win-MediaFoundation: 216162199b28c13a410421893ffa2e32 -> 
  custom:video-decoder-ogg-theora: a1e56fd34408186e4bbccfd4996cb3dc -> 
  custom:container-muxer-webm: aa71ff27fc2769a1b78a27578f13a17b -> 
  custom:container-demuxer-webm: 4f35f7cbe854078d1ac9338744f61a02 -> 
  custom:container-demuxer-ogg: 62fdf1f143b41e24485cea50d1cbac27 -> 
  custom:video-encoder-webm-vp8: eb34c28f22e8b96e1ab97ce403110664 -> 
  custom:video-decoder-webm-vp8: 9c59270c3fd7afecdb556c50c9e8de78 -> 
  custom:audio-decoder-ogg-vorbis: bf7c407c2cedff20999df2af8eb42d56 -> 
  custom:audio-encoder-webm-vorbis: bf7c407c2cedff20999df2af8eb42d56 -> 
AssetImportWorkerClient::OnTransportError - code=2 error=End of file
